<?xml version="1.0" encoding="UTF-8"?>
<!-- Generated by org.testng.reporters.JUnitReportReporter -->
<testsuite hostname="DESKTOP-VFA3M3H" failures="0" tests="1" name="RSA2_Framework.SubmitOrderTest" time="16.074" errors="0" timestamp="2025-05-27T17:55:09 IST" skipped="0">
  <testcase classname="RSA2_Framework.SubmitOrderTest" name="SubmitOrder" time="16.074"/>
</testsuite> <!-- RSA2_Framework.SubmitOrderTest -->
